  draw.c
C:\Users\ulyss\Desktop\SNAKE\SNAKE\SNAKE\draw.c(9,39): warning C4133: 'fonction' : types incompatibles - de 'unsigned short [9]' à 'LPCSTR'
C:\Users\ulyss\Desktop\SNAKE\SNAKE\SNAKE\draw.c(49,51): warning C4267: 'fonction' : conversion de 'size_t' en 'int', perte possible de données
  game.c
C:\Users\ulyss\Desktop\SNAKE\SNAKE\SNAKE\game.c(39,12): warning C4013: 'putFood' non défini(e) ; extern retournant int pris par défaut
C:\Users\ulyss\Desktop\SNAKE\SNAKE\SNAKE\game.c(77,22): warning C4013: 'printText' non défini(e) ; extern retournant int pris par défaut
C:\Users\ulyss\Desktop\SNAKE\SNAKE\SNAKE\game.c(84,22): warning C4013: 'drawPixel' non défini(e) ; extern retournant int pris par défaut
C:\Users\ulyss\Desktop\SNAKE\SNAKE\SNAKE\game.c(88,20): warning C4013: 'addBody' non défini(e) ; extern retournant int pris par défaut
C:\Users\ulyss\Desktop\SNAKE\SNAKE\SNAKE\game.c(132,19): warning C4013: 'printScore' non défini(e) ; extern retournant int pris par défaut
C:\Users\ulyss\Desktop\SNAKE\SNAKE\SNAKE\game.c(221,19): warning C4013: 'printMenu' non défini(e) ; extern retournant int pris par défaut
C:\Users\ulyss\Desktop\SNAKE\SNAKE\SNAKE\game.c(243,18): warning C4013: 'clean' non défini(e) ; extern retournant int pris par défaut
  linked_list.c
C:\Users\ulyss\Desktop\SNAKE\SNAKE\SNAKE\linked_list.c(17,52): warning C4020: 'createBody' : paramètres réels trop nombreux
  main.c
C:\Users\ulyss\Desktop\SNAKE\SNAKE\SNAKE\main.c(60,34): warning C4133: '=' : types incompatibles - de 'unsigned short [6]' à 'LPCSTR'
C:\Users\ulyss\Desktop\SNAKE\SNAKE\SNAKE\main.c(63,28): warning C4133: 'fonction' : types incompatibles - de 'WNDCLASSEXA *' à 'const WNDCLASSEXW *'
C:\Users\ulyss\Desktop\SNAKE\SNAKE\SNAKE\main.c(71,35): warning C4047: 'fonction' : les niveaux d'indirection de 'DWORD' et de 'void *' sont différents
C:\Users\ulyss\Desktop\SNAKE\SNAKE\SNAKE\main.c(71,31): warning C4024: 'CreateWindowExW' : types différents pour le paramètre formel et réel 1
  Génération de code en cours...
  SNAKE.vcxproj -> C:\Users\ulyss\Desktop\SNAKE\SNAKE\x64\Debug\SNAKE.exe
